{"message":"::1 - - [09/Jul/2019:22:14:27 +0000] \"GET / HTTP/1.1\" 304 - \"-\" \"Mozilla/5.0 (Windows NT 10.0; Win64; x64) AppleWebKit/537.36 (KHTML, like Gecko) Chrome/75.0.3770.100 Safari/537.36\"\n","level":"info"}
{"message":"::1 - - [09/Jul/2019:22:14:27 +0000] \"GET /css/bootstrap.min.css HTTP/1.1\" 304 - \"http://localhost:3000/\" \"Mozilla/5.0 (Windows NT 10.0; Win64; x64) AppleWebKit/537.36 (KHTML, like Gecko) Chrome/75.0.3770.100 Safari/537.36\"\n","level":"info"}
{"message":"::1 - - [09/Jul/2019:22:14:27 +0000] \"GET /script/jquery.min.js HTTP/1.1\" 304 - \"http://localhost:3000/\" \"Mozilla/5.0 (Windows NT 10.0; Win64; x64) AppleWebKit/537.36 (KHTML, like Gecko) Chrome/75.0.3770.100 Safari/537.36\"\n","level":"info"}
{"message":"::1 - - [09/Jul/2019:22:14:27 +0000] \"GET /script/script.js HTTP/1.1\" 304 - \"http://localhost:3000/\" \"Mozilla/5.0 (Windows NT 10.0; Win64; x64) AppleWebKit/537.36 (KHTML, like Gecko) Chrome/75.0.3770.100 Safari/537.36\"\n","level":"info"}
{"message":"::1 - - [09/Jul/2019:22:14:27 +0000] \"GET /css/bootstrap.min.css.map HTTP/1.1\" 404 164 \"-\" \"Mozilla/5.0 (Windows NT 10.0; Win64; x64) AppleWebKit/537.36 (KHTML, like Gecko) Chrome/75.0.3770.100 Safari/537.36\"\n","level":"info"}
{"message":"::1 - - [09/Jul/2019:22:14:27 +0000] \"GET /api HTTP/1.1\" 304 - \"http://localhost:3000/\" \"Mozilla/5.0 (Windows NT 10.0; Win64; x64) AppleWebKit/537.36 (KHTML, like Gecko) Chrome/75.0.3770.100 Safari/537.36\"\n","level":"info"}
{"message":"::1 - - [09/Jul/2019:22:14:29 +0000] \"GET / HTTP/1.1\" 304 - \"-\" \"Mozilla/5.0 (Windows NT 10.0; Win64; x64) AppleWebKit/537.36 (KHTML, like Gecko) Chrome/75.0.3770.100 Safari/537.36\"\n","level":"info"}
{"message":"::1 - - [09/Jul/2019:22:14:29 +0000] \"GET /css/bootstrap.min.css HTTP/1.1\" 304 - \"http://localhost:3000/\" \"Mozilla/5.0 (Windows NT 10.0; Win64; x64) AppleWebKit/537.36 (KHTML, like Gecko) Chrome/75.0.3770.100 Safari/537.36\"\n","level":"info"}
{"message":"::1 - - [09/Jul/2019:22:14:29 +0000] \"GET /script/jquery.min.js HTTP/1.1\" 304 - \"http://localhost:3000/\" \"Mozilla/5.0 (Windows NT 10.0; Win64; x64) AppleWebKit/537.36 (KHTML, like Gecko) Chrome/75.0.3770.100 Safari/537.36\"\n","level":"info"}
{"message":"::1 - - [09/Jul/2019:22:14:29 +0000] \"GET /script/script.js HTTP/1.1\" 304 - \"http://localhost:3000/\" \"Mozilla/5.0 (Windows NT 10.0; Win64; x64) AppleWebKit/537.36 (KHTML, like Gecko) Chrome/75.0.3770.100 Safari/537.36\"\n","level":"info"}
{"message":"::1 - - [09/Jul/2019:22:14:29 +0000] \"GET /css/bootstrap.min.css.map HTTP/1.1\" 404 164 \"-\" \"Mozilla/5.0 (Windows NT 10.0; Win64; x64) AppleWebKit/537.36 (KHTML, like Gecko) Chrome/75.0.3770.100 Safari/537.36\"\n","level":"info"}
{"message":"::1 - - [09/Jul/2019:22:14:29 +0000] \"GET /api HTTP/1.1\" 304 - \"http://localhost:3000/\" \"Mozilla/5.0 (Windows NT 10.0; Win64; x64) AppleWebKit/537.36 (KHTML, like Gecko) Chrome/75.0.3770.100 Safari/537.36\"\n","level":"info"}
{"message":"::1 - - [09/Jul/2019:22:14:37 +0000] \"GET / HTTP/1.1\" 304 - \"-\" \"Mozilla/5.0 (Windows NT 10.0; Win64; x64) AppleWebKit/537.36 (KHTML, like Gecko) Chrome/75.0.3770.100 Safari/537.36\"\n","level":"info"}
{"message":"::1 - - [09/Jul/2019:22:14:37 +0000] \"GET /css/bootstrap.min.css HTTP/1.1\" 304 - \"http://localhost:3000/\" \"Mozilla/5.0 (Windows NT 10.0; Win64; x64) AppleWebKit/537.36 (KHTML, like Gecko) Chrome/75.0.3770.100 Safari/537.36\"\n","level":"info"}
{"message":"::1 - - [09/Jul/2019:22:14:37 +0000] \"GET /script/jquery.min.js HTTP/1.1\" 304 - \"http://localhost:3000/\" \"Mozilla/5.0 (Windows NT 10.0; Win64; x64) AppleWebKit/537.36 (KHTML, like Gecko) Chrome/75.0.3770.100 Safari/537.36\"\n","level":"info"}
{"message":"::1 - - [09/Jul/2019:22:14:37 +0000] \"GET /script/script.js HTTP/1.1\" 304 - \"http://localhost:3000/\" \"Mozilla/5.0 (Windows NT 10.0; Win64; x64) AppleWebKit/537.36 (KHTML, like Gecko) Chrome/75.0.3770.100 Safari/537.36\"\n","level":"info"}
{"message":"::1 - - [09/Jul/2019:22:14:37 +0000] \"GET /css/bootstrap.min.css.map HTTP/1.1\" 404 164 \"-\" \"Mozilla/5.0 (Windows NT 10.0; Win64; x64) AppleWebKit/537.36 (KHTML, like Gecko) Chrome/75.0.3770.100 Safari/537.36\"\n","level":"info"}
{"message":"::1 - - [09/Jul/2019:22:14:37 +0000] \"GET /api HTTP/1.1\" 304 - \"http://localhost:3000/\" \"Mozilla/5.0 (Windows NT 10.0; Win64; x64) AppleWebKit/537.36 (KHTML, like Gecko) Chrome/75.0.3770.100 Safari/537.36\"\n","level":"info"}
{"message":"::1 - - [09/Jul/2019:22:14:38 +0000] \"GET / HTTP/1.1\" 304 - \"-\" \"Mozilla/5.0 (Windows NT 10.0; Win64; x64) AppleWebKit/537.36 (KHTML, like Gecko) Chrome/75.0.3770.100 Safari/537.36\"\n","level":"info"}
{"message":"::1 - - [09/Jul/2019:22:14:38 +0000] \"GET /css/bootstrap.min.css HTTP/1.1\" 304 - \"http://localhost:3000/\" \"Mozilla/5.0 (Windows NT 10.0; Win64; x64) AppleWebKit/537.36 (KHTML, like Gecko) Chrome/75.0.3770.100 Safari/537.36\"\n","level":"info"}
{"message":"::1 - - [09/Jul/2019:22:14:38 +0000] \"GET /script/jquery.min.js HTTP/1.1\" 304 - \"http://localhost:3000/\" \"Mozilla/5.0 (Windows NT 10.0; Win64; x64) AppleWebKit/537.36 (KHTML, like Gecko) Chrome/75.0.3770.100 Safari/537.36\"\n","level":"info"}
{"message":"::1 - - [09/Jul/2019:22:14:38 +0000] \"GET /script/script.js HTTP/1.1\" 304 - \"http://localhost:3000/\" \"Mozilla/5.0 (Windows NT 10.0; Win64; x64) AppleWebKit/537.36 (KHTML, like Gecko) Chrome/75.0.3770.100 Safari/537.36\"\n","level":"info"}
{"message":"::1 - - [09/Jul/2019:22:14:38 +0000] \"GET /css/bootstrap.min.css.map HTTP/1.1\" 404 164 \"-\" \"Mozilla/5.0 (Windows NT 10.0; Win64; x64) AppleWebKit/537.36 (KHTML, like Gecko) Chrome/75.0.3770.100 Safari/537.36\"\n","level":"info"}
{"message":"::1 - - [09/Jul/2019:22:14:38 +0000] \"GET /api HTTP/1.1\" 304 - \"http://localhost:3000/\" \"Mozilla/5.0 (Windows NT 10.0; Win64; x64) AppleWebKit/537.36 (KHTML, like Gecko) Chrome/75.0.3770.100 Safari/537.36\"\n","level":"info"}
