{"message":"::1 - - [30/Jul/2019:07:01:16 +0000] \"GET / HTTP/1.1\" 200 1137 \"-\" \"Mozilla/5.0 (X11; Linux x86_64) AppleWebKit/537.36 (KHTML, like Gecko) Chrome/75.0.3770.142 Safari/537.36\"\n","level":"info"}
{"message":"::1 - - [30/Jul/2019:07:01:16 +0000] \"GET /script/jquery.min.js HTTP/1.1\" 200 88145 \"http://localhost:3000/\" \"Mozilla/5.0 (X11; Linux x86_64) AppleWebKit/537.36 (KHTML, like Gecko) Chrome/75.0.3770.142 Safari/537.36\"\n","level":"info"}
{"message":"::1 - - [30/Jul/2019:07:01:16 +0000] \"GET /script/script.js HTTP/1.1\" 200 1348 \"http://localhost:3000/\" \"Mozilla/5.0 (X11; Linux x86_64) AppleWebKit/537.36 (KHTML, like Gecko) Chrome/75.0.3770.142 Safari/537.36\"\n","level":"info"}
{"message":"::1 - - [30/Jul/2019:07:01:16 +0000] \"GET /css/bootstrap.min.css HTTP/1.1\" 200 155758 \"http://localhost:3000/\" \"Mozilla/5.0 (X11; Linux x86_64) AppleWebKit/537.36 (KHTML, like Gecko) Chrome/75.0.3770.142 Safari/537.36\"\n","level":"info"}
{"message":"::1 - - [30/Jul/2019:07:01:16 +0000] \"GET /api HTTP/1.1\" 200 185 \"http://localhost:3000/\" \"Mozilla/5.0 (X11; Linux x86_64) AppleWebKit/537.36 (KHTML, like Gecko) Chrome/75.0.3770.142 Safari/537.36\"\n","level":"info"}
{"message":"::1 - - [30/Jul/2019:07:01:16 +0000] \"GET /favicon.ico HTTP/1.1\" 404 150 \"http://localhost:3000/\" \"Mozilla/5.0 (X11; Linux x86_64) AppleWebKit/537.36 (KHTML, like Gecko) Chrome/75.0.3770.142 Safari/537.36\"\n","level":"info"}
{"message":"::1 - - [30/Jul/2019:07:03:04 +0000] \"POST /api HTTP/1.1\" 200 34 \"http://localhost:3000/\" \"Mozilla/5.0 (X11; Linux x86_64) AppleWebKit/537.36 (KHTML, like Gecko) Chrome/75.0.3770.142 Safari/537.36\"\n","level":"info"}
{"message":"::1 - - [30/Jul/2019:07:03:04 +0000] \"GET /api HTTP/1.1\" 200 231 \"http://localhost:3000/\" \"Mozilla/5.0 (X11; Linux x86_64) AppleWebKit/537.36 (KHTML, like Gecko) Chrome/75.0.3770.142 Safari/537.36\"\n","level":"info"}
{"message":"::1 - - [30/Jul/2019:07:03:18 +0000] \"GET / HTTP/1.1\" 200 1179 \"-\" \"Mozilla/5.0 (X11; Linux x86_64) AppleWebKit/537.36 (KHTML, like Gecko) Chrome/75.0.3770.142 Safari/537.36\"\n","level":"info"}
{"message":"::1 - - [30/Jul/2019:07:03:19 +0000] \"GET /css/bootstrap.min.css HTTP/1.1\" 304 - \"http://localhost:3000/\" \"Mozilla/5.0 (X11; Linux x86_64) AppleWebKit/537.36 (KHTML, like Gecko) Chrome/75.0.3770.142 Safari/537.36\"\n","level":"info"}
{"message":"::1 - - [30/Jul/2019:07:03:19 +0000] \"GET /script/jquery.min.js HTTP/1.1\" 304 - \"http://localhost:3000/\" \"Mozilla/5.0 (X11; Linux x86_64) AppleWebKit/537.36 (KHTML, like Gecko) Chrome/75.0.3770.142 Safari/537.36\"\n","level":"info"}
{"message":"::1 - - [30/Jul/2019:07:03:19 +0000] \"GET /script/script.js HTTP/1.1\" 304 - \"http://localhost:3000/\" \"Mozilla/5.0 (X11; Linux x86_64) AppleWebKit/537.36 (KHTML, like Gecko) Chrome/75.0.3770.142 Safari/537.36\"\n","level":"info"}
{"message":"::1 - - [30/Jul/2019:07:03:19 +0000] \"GET /api HTTP/1.1\" 304 - \"http://localhost:3000/\" \"Mozilla/5.0 (X11; Linux x86_64) AppleWebKit/537.36 (KHTML, like Gecko) Chrome/75.0.3770.142 Safari/537.36\"\n","level":"info"}
{"message":"::1 - - [30/Jul/2019:07:03:58 +0000] \"GET / HTTP/1.1\" 304 - \"-\" \"Mozilla/5.0 (X11; Linux x86_64) AppleWebKit/537.36 (KHTML, like Gecko) Chrome/75.0.3770.142 Safari/537.36\"\n","level":"info"}
{"message":"::1 - - [30/Jul/2019:07:03:58 +0000] \"GET /css/bootstrap.min.css HTTP/1.1\" 304 - \"http://localhost:3000/\" \"Mozilla/5.0 (X11; Linux x86_64) AppleWebKit/537.36 (KHTML, like Gecko) Chrome/75.0.3770.142 Safari/537.36\"\n","level":"info"}
{"message":"::1 - - [30/Jul/2019:07:03:58 +0000] \"GET /script/jquery.min.js HTTP/1.1\" 304 - \"http://localhost:3000/\" \"Mozilla/5.0 (X11; Linux x86_64) AppleWebKit/537.36 (KHTML, like Gecko) Chrome/75.0.3770.142 Safari/537.36\"\n","level":"info"}
{"message":"::1 - - [30/Jul/2019:07:03:58 +0000] \"GET /script/script.js HTTP/1.1\" 304 - \"http://localhost:3000/\" \"Mozilla/5.0 (X11; Linux x86_64) AppleWebKit/537.36 (KHTML, like Gecko) Chrome/75.0.3770.142 Safari/537.36\"\n","level":"info"}
{"message":"::1 - - [30/Jul/2019:07:03:59 +0000] \"GET /api HTTP/1.1\" 304 - \"http://localhost:3000/\" \"Mozilla/5.0 (X11; Linux x86_64) AppleWebKit/537.36 (KHTML, like Gecko) Chrome/75.0.3770.142 Safari/537.36\"\n","level":"info"}
{"message":"::1 - - [30/Jul/2019:07:19:01 +0000] \"GET / HTTP/1.1\" 304 - \"-\" \"Mozilla/5.0 (X11; Linux x86_64) AppleWebKit/537.36 (KHTML, like Gecko) Chrome/75.0.3770.142 Safari/537.36\"\n","level":"info"}
{"message":"::1 - - [30/Jul/2019:07:19:01 +0000] \"GET /css/bootstrap.min.css HTTP/1.1\" 304 - \"http://localhost:3000/\" \"Mozilla/5.0 (X11; Linux x86_64) AppleWebKit/537.36 (KHTML, like Gecko) Chrome/75.0.3770.142 Safari/537.36\"\n","level":"info"}
{"message":"::1 - - [30/Jul/2019:07:19:01 +0000] \"GET /script/jquery.min.js HTTP/1.1\" 304 - \"http://localhost:3000/\" \"Mozilla/5.0 (X11; Linux x86_64) AppleWebKit/537.36 (KHTML, like Gecko) Chrome/75.0.3770.142 Safari/537.36\"\n","level":"info"}
{"message":"::1 - - [30/Jul/2019:07:19:01 +0000] \"GET /script/script.js HTTP/1.1\" 304 - \"http://localhost:3000/\" \"Mozilla/5.0 (X11; Linux x86_64) AppleWebKit/537.36 (KHTML, like Gecko) Chrome/75.0.3770.142 Safari/537.36\"\n","level":"info"}
{"message":"::1 - - [30/Jul/2019:07:19:01 +0000] \"GET /api HTTP/1.1\" 304 - \"http://localhost:3000/\" \"Mozilla/5.0 (X11; Linux x86_64) AppleWebKit/537.36 (KHTML, like Gecko) Chrome/75.0.3770.142 Safari/537.36\"\n","level":"info"}
{"message":"::1 - - [30/Jul/2019:07:19:02 +0000] \"GET / HTTP/1.1\" 304 - \"-\" \"Mozilla/5.0 (X11; Linux x86_64) AppleWebKit/537.36 (KHTML, like Gecko) Chrome/75.0.3770.142 Safari/537.36\"\n","level":"info"}
{"message":"::1 - - [30/Jul/2019:07:19:02 +0000] \"GET /css/bootstrap.min.css HTTP/1.1\" 304 - \"http://localhost:3000/\" \"Mozilla/5.0 (X11; Linux x86_64) AppleWebKit/537.36 (KHTML, like Gecko) Chrome/75.0.3770.142 Safari/537.36\"\n","level":"info"}
{"message":"::1 - - [30/Jul/2019:07:19:02 +0000] \"GET /script/jquery.min.js HTTP/1.1\" 304 - \"http://localhost:3000/\" \"Mozilla/5.0 (X11; Linux x86_64) AppleWebKit/537.36 (KHTML, like Gecko) Chrome/75.0.3770.142 Safari/537.36\"\n","level":"info"}
{"message":"::1 - - [30/Jul/2019:07:19:02 +0000] \"GET /script/script.js HTTP/1.1\" 304 - \"http://localhost:3000/\" \"Mozilla/5.0 (X11; Linux x86_64) AppleWebKit/537.36 (KHTML, like Gecko) Chrome/75.0.3770.142 Safari/537.36\"\n","level":"info"}
{"message":"::1 - - [30/Jul/2019:07:19:02 +0000] \"GET /api HTTP/1.1\" 304 - \"http://localhost:3000/\" \"Mozilla/5.0 (X11; Linux x86_64) AppleWebKit/537.36 (KHTML, like Gecko) Chrome/75.0.3770.142 Safari/537.36\"\n","level":"info"}
